<?xml version="1.0" encoding="UTF-8"?>
<testsuite xmlns:xsi="http://www.w3.org/2001/XMLSchema-instance" xsi:noNamespaceSchemaLocation="https://maven.apache.org/surefire/maven-surefire-plugin/xsd/surefire-test-report-3.0.xsd" version="3.0" name="com.project.controller.MediaControllerTest" time="0.368" tests="14" errors="0" skipped="0" failures="0">
  <properties>
[...]
</properties>
  <testcase name="testExtraCoverage" classname="com.project.controller.MediaControllerTest" time="0.051">
    <system-out><![CDATA[2026-05-15T14:28:15.506+05:30  INFO 11640 --- [           main] t.c.s.AnnotationConfigContextLoaderUtils : Could not detect default configuration classes for test class [com.project.controller.MediaControllerTest]: MediaControllerTest does not declare any static, non-private, non-final, nested classes annotated with @Configuration.
2026-05-15T14:28:15.517+05:30  INFO 11640 --- [           main] .b.t.c.SpringBootTestContextBootstrapper : Found @SpringBootConfiguration com.project.AiMediaAppApplication for test class com.project.controller.MediaControllerTest

  .   ____          _            __ _ _
 /\\ / ___'_ __ _ _(_)_ __  __ _ \ \ \ \
( ( )\___ | '_ | '_| | '_ \/ _` | \ \ \ \
 \\/  ___)| |_)| | | | | || (_| |  ) ) ) )
  '  |____| .__|_| |_|_| |_\__, | / / / /
 =========|_|==============|___/=/_/_/_/
 :: Spring Boot ::                (v3.2.5)

2026-05-15T14:28:15.541+05:30  WARN 11640 --- [           main] ory$DuplicateJsonObjectContextCustomizer : 

Found multiple occurrences of org.json.JSONObject on the class path:

	jar:file:/C:/Users/saura/.m2/repository/org/json/json/20231013/json-20231013.jar!/org/json/JSONObject.class
	jar:file:/C:/Users/saura/.m2/repository/com/vaadin/external/google/android-json/0.0.20131108.vaadin1/android-json-0.0.20131108.vaadin1.jar!/org/json/JSONObject.class

You may wish to exclude one of them to ensure predictable runtime behavior

2026-05-15T14:28:15.543+05:30  INFO 11640 --- [           main] c.p.controller.MediaControllerTest       : Starting MediaControllerTest using Java 25 with PID 11640 (started by saura in C:\Users\saura\Downloads\AssetLogic-AI-FINAL\SDE-Assignment-MediaAI\backend)
2026-05-15T14:28:15.543+05:30  INFO 11640 --- [           main] c.p.controller.MediaControllerTest       : No active profile set, falling back to 1 default profile: "default"
2026-05-15T14:28:15.730+05:30  INFO 11640 --- [           main] o.s.b.t.m.w.SpringBootMockServletContext : Initializing Spring TestDispatcherServlet ''
2026-05-15T14:28:15.730+05:30  INFO 11640 --- [           main] o.s.t.web.servlet.TestDispatcherServlet  : Initializing Servlet ''
2026-05-15T14:28:15.730+05:30  INFO 11640 --- [           main] o.s.t.web.servlet.TestDispatcherServlet  : Completed initialization in 0 ms
2026-05-15T14:28:15.735+05:30  INFO 11640 --- [           main] c.p.controller.MediaControllerTest       : Started MediaControllerTest in 0.216 seconds (process running for 17.303)
]]></system-out>
  </testcase>
  <testcase name="testGetMediaById_ServerError" classname="com.project.controller.MediaControllerTest" time="0.013"/>
  <testcase name="testGetMediaById_NotFound" classname="com.project.controller.MediaControllerTest" time="0.005"/>
  <testcase name="testModelAndServiceDirectly" classname="com.project.controller.MediaControllerTest" time="0.007"/>
  <testcase name="testMediaModelFullBranchCoverage" classname="com.project.controller.MediaControllerTest" time="0.003"/>
  <testcase name="testGetMediaById_Success" classname="com.project.controller.MediaControllerTest" time="0.013"/>
  <testcase name="testControllerBranchFix" classname="com.project.controller.MediaControllerTest" time="0.008"/>
  <testcase name="testServiceFinalFix" classname="com.project.controller.MediaControllerTest" time="0.002"/>
  <testcase name="testMediaModelFullCoverage" classname="com.project.controller.MediaControllerTest" time="0.002"/>
  <testcase name="testModelFinalFix" classname="com.project.controller.MediaControllerTest" time="0.001"/>
  <testcase name="testServicePackageFullCoverage" classname="com.project.controller.MediaControllerTest" time="0.002"/>
  <testcase name="finalizeCoverage" classname="com.project.controller.MediaControllerTest" time="0.002"/>
  <testcase name="testFinalCoverageBoost" classname="com.project.controller.MediaControllerTest" time="0.001"/>
  <testcase name="testGetMediaById_InvalidId" classname="com.project.controller.MediaControllerTest" time="0.003"/>
</testsuite>