<?xml version="1.0" encoding="UTF-8" standalone="yes"?><!DOCTYPE report PUBLIC "-//JACOCO//DTD Report 1.1//EN" "report.dtd"><report name="ai-media-app"><sessioninfo id="LAPTOP-PKI0CPVH-eebcb546" start="1778835478625" dump="1778835519046"/><package name="com/project/controller"><class name="com/project/controller/FileUploadController" sourcefilename="FileUploadController.java"><method name="&lt;init&gt;" desc="()V" line="17"><counter type="INSTRUCTION" missed="0" covered="3"/><counter type="LINE" missed="0" covered="1"/><counter type="COMPLEXITY" missed="0" covered="1"/><counter type="METHOD" missed="0" covered="1"/></method><method name="uploadFile" desc="(Lorg/springframework/web/multipart/MultipartFile;)Lorg/springframework/http/ResponseEntity;" line="33"><counter type="INSTRUCTION" missed="0" covered="85"/><counter type="BRANCH" missed="4" covered="12"/><counter type="LINE" missed="0" covered="20"/><counter type="COMPLEXITY" missed="4" covered="5"/><counter type="METHOD" missed="0" covered="1"/></method><method name="chatWithFile" desc="(Ljava/util/Map;)Lorg/springframework/http/ResponseEntity;" line="86"><counter type="INSTRUCTION" missed="0" covered="44"/><counter type="BRANCH" missed="0" covered="4"/><counter type="LINE" missed="0" covered="10"/><counter type="COMPLEXITY" missed="0" covered="3"/><counter type="METHOD" missed="0" covered="1"/></method><method name="getTimestamps" desc="(Ljava/lang/Long;)Lorg/springframework/http/ResponseEntity;" line="110"><counter type="INSTRUCTION" missed="0" covered="3"/><counter type="LINE" missed="0" covered="1"/><counter type="COMPLEXITY" missed="0" covered="1"/><counter type="METHOD" missed="0" covered="1"/></method><counter type="INSTRUCTION" missed="0" covered="135"/><counter type="BRANCH" missed="4" covered="16"/><counter type="LINE" missed="0" covered="32"/><counter type="COMPLEXITY" missed="4" covered="10"/><counter type="METHOD" missed="0" covered="4"/><counter type="CLASS" missed="0" covered="1"/></class><class name="com/project/controller/MediaController" sourcefilename="MediaController.java"><method name="&lt;init&gt;" desc="()V" line="12"><counter type="INSTRUCTION" missed="0" covered="3"/><counter type="LINE" missed="0" covered="1"/><counter type="COMPLEXITY" missed="0" covered="1"/><counter type="METHOD" missed="0" covered="1"/></method><method name="getMediaById" desc="(Ljava/lang/Long;)Lorg/springframework/http/ResponseEntity;" line="20"><counter type="INSTRUCTION" missed="0" covered="30"/><counter type="BRANCH" missed="0" covered="4"/><counter type="LINE" missed="0" covered="8"/><counter type="COMPLEXITY" missed="0" covered="3"/><counter type="METHOD" missed="0" covered="1"/></method><counter type="INSTRUCTION" missed="0" covered="33"/><counter type="BRANCH" missed="0" covered="4"/><counter type="LINE" missed="0" covered="9"/><counter type="COMPLEXITY" missed="0" covered="4"/><counter type="METHOD" missed="0" covered="2"/><counter type="CLASS" missed="0" covered="1"/></class><sourcefile name="FileUploadController.java"><line nr="17" mi="0" ci="3" mb="0" cb="0"/><line nr="33" mi="0" ci="5" mb="1" cb="3"/><line nr="34" mi="0" ci="4" mb="0" cb="0"/><line nr="38" mi="0" ci="5" mb="0" cb="0"/><line nr="41" mi="0" ci="2" mb="0" cb="2"/><line nr="42" mi="0" ci="5" mb="0" cb="0"/><line nr="45" mi="0" ci="3" mb="0" cb="0"/><line nr="46" mi="0" ci="3" mb="0" cb="0"/><line nr="49" mi="0" ci="6" mb="1" cb="3"/><line nr="51" mi="0" ci="5" mb="0" cb="0"/><line nr="52" mi="0" ci="5" mb="0" cb="0"/><line nr="53" mi="0" ci="3" mb="0" cb="0"/><line nr="54" mi="0" ci="1" mb="0" cb="0"/><line nr="55" mi="0" ci="10" mb="2" cb="4"/><line nr="57" mi="0" ci="5" mb="0" cb="0"/><line nr="60" mi="0" ci="5" mb="0" cb="0"/><line nr="63" mi="0" ci="3" mb="0" cb="0"/><line nr="67" mi="0" ci="4" mb="0" cb="0"/><line nr="69" mi="0" ci="3" mb="0" cb="0"/><line nr="71" mi="0" ci="1" mb="0" cb="0"/><line nr="73" mi="0" ci="7" mb="0" cb="0"/><line nr="86" mi="0" ci="5" mb="0" cb="0"/><line nr="87" mi="0" ci="5" mb="0" cb="0"/><line nr="89" mi="0" ci="4" mb="0" cb="4"/><line nr="90" mi="0" ci="4" mb="0" cb="0"/><line nr="94" mi="0" ci="6" mb="0" cb="0"/><line nr="96" mi="0" ci="4" mb="0" cb="0"/><line nr="97" mi="0" ci="5" mb="0" cb="0"/><line nr="99" mi="0" ci="3" mb="0" cb="0"/><line nr="101" mi="0" ci="1" mb="0" cb="0"/><line nr="102" mi="0" ci="7" mb="0" cb="0"/><line nr="110" mi="0" ci="3" mb="0" cb="0"/><counter type="INSTRUCTION" missed="0" covered="135"/><counter type="BRANCH" missed="4" covered="16"/><counter type="LINE" missed="0" covered="32"/><counter type="COMPLEXITY" missed="4" covered="10"/><counter type="METHOD" missed="0" covered="4"/><counter type="CLASS" missed="0" covered="1"/></sourcefile><sourcefile name="MediaController.java"><line nr="12" mi="0" ci="3" mb="0" cb="0"/><line nr="20" mi="0" ci="5" mb="0" cb="2"/><line nr="21" mi="0" ci="4" mb="0" cb="0"/><line nr="25" mi="0" ci="5" mb="0" cb="0"/><line nr="27" mi="0" ci="2" mb="0" cb="2"/><line nr="28" mi="0" ci="5" mb="0" cb="0"/><line nr="30" mi="0" ci="3" mb="0" cb="0"/><line nr="31" mi="0" ci="1" mb="0" cb="0"/><line nr="33" mi="0" ci="5" mb="0" cb="0"/><counter type="INSTRUCTION" missed="0" covered="33"/><counter type="BRANCH" missed="0" covered="4"/><counter type="LINE" missed="0" covered="9"/><counter type="COMPLEXITY" missed="0" covered="4"/><counter type="METHOD" missed="0" covered="2"/><counter type="CLASS" missed="0" covered="1"/></sourcefile><counter type="INSTRUCTION" missed="0" covered="168"/><counter type="BRANCH" missed="4" covered="20"/><counter type="LINE" missed="0" covered="41"/><counter type="COMPLEXITY" missed="4" covered="14"/><counter type="METHOD" missed="0" covered="6"/><counter type="CLASS" missed="0" covered="2"/></package><package name="com/project/service"><class name="com/project/service/MediaService" sourcefilename="MediaService.java"><method name="&lt;init&gt;" desc="()V" line="7"><counter type="INSTRUCTION" missed="0" covered="3"/><counter type="LINE" missed="0" covered="1"/><counter type="COMPLEXITY" missed="0" covered="1"/><counter type="METHOD" missed="0" covered="1"/></method><method name="findById" desc="(Ljava/lang/Long;)Lcom/project/model/Media;" line="14"><counter type="INSTRUCTION" missed="0" covered="15"/><counter type="BRANCH" missed="0" covered="4"/><counter type="LINE" missed="0" covered="3"/><counter type="COMPLEXITY" missed="0" covered="3"/><counter type="METHOD" missed="0" covered="1"/></method><counter type="INSTRUCTION" missed="0" covered="18"/><counter type="BRANCH" missed="0" covered="4"/><counter type="LINE" missed="0" covered="4"/><counter type="COMPLEXITY" missed="0" covered="4"/><counter type="METHOD" missed="0" covered="2"/><counter type="CLASS" missed="0" covered="1"/></class><sourcefile name="MediaService.java"><line nr="7" mi="0" ci="3" mb="0" cb="0"/><line nr="14" mi="0" ci="7" mb="0" cb="4"/><line nr="15" mi="0" ci="2" mb="0" cb="0"/><line nr="20" mi="0" ci="6" mb="0" cb="0"/><counter type="INSTRUCTION" missed="0" covered="18"/><counter type="BRANCH" missed="0" covered="4"/><counter type="LINE" missed="0" covered="4"/><counter type="COMPLEXITY" missed="0" covered="4"/><counter type="METHOD" missed="0" covered="2"/><counter type="CLASS" missed="0" covered="1"/></sourcefile><counter type="INSTRUCTION" missed="0" covered="18"/><counter type="BRANCH" missed="0" covered="4"/><counter type="LINE" missed="0" covered="4"/><counter type="COMPLEXITY" missed="0" covered="4"/><counter type="METHOD" missed="0" covered="2"/><counter type="CLASS" missed="0" covered="1"/></package><counter type="INSTRUCTION" missed="0" covered="186"/><counter type="BRANCH" missed="4" covered="24"/><counter type="LINE" missed="0" covered="45"/><counter type="COMPLEXITY" missed="4" covered="18"/><counter type="METHOD" missed="0" covered="8"/><counter type="CLASS" missed="0" covered="3"/></report>